<?xml version="1.0" encoding="UTF-8"?>
<!-- Generated by org.testng.reporters.JUnitXMLReporter -->
<testsuite ignored="0" hostname="Ronak" failures="0" tests="9" name="Test" time="173.929" errors="0" timestamp="2025-08-02T16:48:08 IST">
  <testcase classname="testCases.TC_RF_001" name="testReg" time="10.407"/>
  <testcase classname="testCases.TC_RF_006" name="testRegWithNo" time="9.581"/>
  <testcase classname="testCases.TC_RF_013" name="testFieldPlaceholders" time="1.595"/>
  <testcase classname="testCases.TC_LF_001" name="testLogin" time="2.176"/>
  <testcase classname="testCases.TC_LG_001" name="testLogout" time="16.342"/>
  <testcase classname="testCases.TC_FP_001" name="testForgetLink" time="3.302"/>
  <testcase classname="testCases.TC_SF_001" name="testSearch" time="0.972"/>
  <testcase classname="testCases.TC_PC_001" name="testCompair" time="8.344"/>
  <testcase classname="testCases.TC_ATC_001" name="testCart" time="6.514"/>
</testsuite> <!-- Test -->
