<?xml version="1.0" encoding="UTF-8"?>
<!-- Generated by org.testng.reporters.JUnitXMLReporter -->
<testsuite ignored="1" hostname="Roank" failures="0" tests="2" name="Test" time="26.045" errors="0" timestamp="2025-07-27T13:21:13 IST">
  <testcase classname="testCases.TC001_AccountRegistrationTest" name="testReg" time="7.514"/>
  <testcase classname="testCases.TC002_LoginTest" name="testLogin" time="1.658"/>
  <testcase classname="testCases.TC003_LoginDatadrivenTest" name="dataDrivenTest" time="0.0">
    <ignored/>
  </testcase> <!-- dataDrivenTest -->
</testsuite> <!-- Test -->
