<?xml version="1.0" encoding="UTF-8"?>
<!-- Generated by org.testng.reporters.JUnitXMLReporter -->
<testsuite ignored="10" hostname="Ronak" failures="0" tests="0" time="0.444" errors="0" timestamp="2025-08-02T20:12:30 IST">
  <testcase classname="testCases.TC_RF_006" name="testRegWithNo" time="0.0">
    <ignored/>
  </testcase> <!-- testRegWithNo -->
  <testcase classname="testCases.TC_RF_013" name="testFieldPlaceholders" time="0.0">
    <ignored/>
  </testcase> <!-- testFieldPlaceholders -->
  <testcase classname="testCases.TC003_LoginDatadrivenTest" name="dataDrivenTest" time="0.0">
    <ignored/>
  </testcase> <!-- dataDrivenTest -->
  <testcase classname="testCases.TC_LF_001" name="testLogin" time="0.0">
    <ignored/>
  </testcase> <!-- testLogin -->
  <testcase classname="testCases.TC_ATC_001" name="testCart" time="0.0">
    <ignored/>
  </testcase> <!-- testCart -->
  <testcase classname="testCases.TC_LG_001" name="testLogout" time="0.0">
    <ignored/>
  </testcase> <!-- testLogout -->
  <testcase classname="testCases.TC_RF_001" name="testReg" time="0.0">
    <ignored/>
  </testcase> <!-- testReg -->
  <testcase classname="testCases.TC_SF_001" name="testSearch" time="0.0">
    <ignored/>
  </testcase> <!-- testSearch -->
  <testcase classname="testCases.TC_FP_001" name="testForgetLink" time="0.0">
    <ignored/>
  </testcase> <!-- testForgetLink -->
  <testcase classname="testCases.TC_PC_001" name="testCompair" time="0.0">
    <ignored/>
  </testcase> <!-- testCompair -->
</testsuite>
