<?xml version="1.0" encoding="UTF-8"?>
<!-- Generated by org.testng.reporters.JUnitXMLReporter -->
<testsuite ignored="0" hostname="Ronak" failures="0" tests="9" name="Test" time="121.927" errors="0" timestamp="2025-08-02T16:41:41 IST">
  <testcase classname="testCases.TC_RF_001" name="testReg" time="7.736"/>
  <testcase classname="testCases.TC_RF_006" name="testRegWithNo" time="10.845"/>
  <testcase classname="testCases.TC_RF_013" name="testFieldPlaceholders" time="0.736"/>
  <testcase classname="testCases.TC_LF_001" name="testLogin" time="2.196"/>
  <testcase classname="testCases.TC_LG_001" name="testLogout" time="15.377"/>
  <testcase classname="testCases.TC_FP_001" name="testForgetLink" time="2.539"/>
  <testcase classname="testCases.TC_SF_001" name="testSearch" time="0.518"/>
  <testcase classname="testCases.TC_PC_001" name="testCompair" time="7.716"/>
  <testcase classname="testCases.TC_ATC_001" name="testCart" time="5.838"/>
</testsuite> <!-- Test -->
