<?xml version="1.0" encoding="UTF-8"?>
<!-- Generated by org.testng.reporters.JUnitXMLReporter -->
<testsuite ignored="1" hostname="Roank" failures="0" tests="2" name="Test" time="25.377" errors="0" timestamp="2025-07-27T11:07:04 IST">
  <testcase classname="testCases.TC001_AccountRegistrationTest" name="testReg" time="8.409"/>
  <testcase classname="testCases.TC002_LoginTest" name="testLogin" time="2.376"/>
  <testcase classname="testCases.TC003_LoginDatadrivenTest" name="dataDrivenTest" time="0.0">
    <ignored/>
  </testcase> <!-- dataDrivenTest -->
</testsuite> <!-- Test -->
