<?xml version="1.0" encoding="UTF-8"?>
<testng-results ignored="0" total="1" passed="1" failed="0" skipped="0">
  <reporter-output>
  </reporter-output>
  <suite started-at="2025-07-31T20:20:27 IST" name="Master Suite" finished-at="2025-07-31T20:20:55 IST" duration-ms="28490">
    <groups>
      <group name="Master">
        <method signature="TC002_LoginTest.testLogin()[pri:0, instance:testCases.TC002_LoginTest@363a52f]" name="testLogin" class="testCases.TC002_LoginTest"/>
      </group> <!-- Master -->
      <group name="Sanity">
        <method signature="TC002_LoginTest.testLogin()[pri:0, instance:testCases.TC002_LoginTest@363a52f]" name="testLogin" class="testCases.TC002_LoginTest"/>
      </group> <!-- Sanity -->
    </groups>
    <test started-at="2025-07-31T20:20:27 IST" name="Test" finished-at="2025-07-31T20:20:55 IST" duration-ms="28490">
      <class name="testCases.TC002_LoginTest">
        <test-method is-config="true" signature="setUp(java.lang.String,java.lang.String)[pri:0, instance:testCases.TC002_LoginTest@363a52f]" started-at="2025-07-31T20:20:27 IST" name="setUp" finished-at="2025-07-31T20:20:43 IST" duration-ms="15668" status="PASS">
          <params>
            <param index="0">
              <value>
                <![CDATA[firefox]]>
              </value>
            </param>
            <param index="1">
              <value>
                <![CDATA[linux]]>
              </value>
            </param>
          </params>
          <reporter-output>
          </reporter-output>
        </test-method> <!-- setUp -->
        <test-method signature="testLogin()[pri:0, instance:testCases.TC002_LoginTest@363a52f]" started-at="2025-07-31T20:20:43 IST" name="testLogin" finished-at="2025-07-31T20:20:47 IST" duration-ms="4221" status="PASS">
          <reporter-output>
          </reporter-output>
        </test-method> <!-- testLogin -->
        <test-method is-config="true" signature="tearDown()[pri:0, instance:testCases.TC002_LoginTest@363a52f]" started-at="2025-07-31T20:20:47 IST" name="tearDown" finished-at="2025-07-31T20:20:55 IST" duration-ms="7977" status="PASS">
          <reporter-output>
          </reporter-output>
        </test-method> <!-- tearDown -->
      </class> <!-- testCases.TC002_LoginTest -->
    </test> <!-- Test -->
  </suite> <!-- Master Suite -->
</testng-results>
