<?xml version="1.0" encoding="UTF-8"?>
<testng-results ignored="1" total="3" passed="2" failed="0" skipped="0">
  <reporter-output>
  </reporter-output>
  <suite started-at="2025-07-27T13:20:46 IST" name="Grouping Suite" finished-at="2025-07-27T13:21:12 IST" duration-ms="26045">
    <groups>
      <group name="Master">
        <method signature="TC001_AccountRegistrationTest.testReg()[pri:0, instance:testCases.TC001_AccountRegistrationTest@79517588]" name="testReg" class="testCases.TC001_AccountRegistrationTest"/>
        <method signature="TC002_LoginTest.testLogin()[pri:0, instance:testCases.TC002_LoginTest@403f0a22]" name="testLogin" class="testCases.TC002_LoginTest"/>
      </group> <!-- Master -->
      <group name="Sanity">
        <method signature="TC002_LoginTest.testLogin()[pri:0, instance:testCases.TC002_LoginTest@403f0a22]" name="testLogin" class="testCases.TC002_LoginTest"/>
      </group> <!-- Sanity -->
      <group name="Regression">
        <method signature="TC001_AccountRegistrationTest.testReg()[pri:0, instance:testCases.TC001_AccountRegistrationTest@79517588]" name="testReg" class="testCases.TC001_AccountRegistrationTest"/>
      </group> <!-- Regression -->
    </groups>
    <test started-at="2025-07-27T13:20:46 IST" name="Test" finished-at="2025-07-27T13:21:12 IST" duration-ms="26045">
      <class name="testCases.TC002_LoginTest">
        <test-method is-config="true" signature="setUp(java.lang.String,java.lang.String)[pri:0, instance:testCases.TC002_LoginTest@403f0a22]" started-at="2025-07-27T13:21:02 IST" name="setUp" finished-at="2025-07-27T13:21:05 IST" duration-ms="2448" status="PASS">
          <params>
            <param index="0">
              <value>
                <![CDATA[edge]]>
              </value>
            </param>
            <param index="1">
              <value>
                <![CDATA[window]]>
              </value>
            </param>
          </params>
          <reporter-output>
          </reporter-output>
        </test-method> <!-- setUp -->
        <test-method signature="testLogin()[pri:0, instance:testCases.TC002_LoginTest@403f0a22]" started-at="2025-07-27T13:21:05 IST" name="testLogin" finished-at="2025-07-27T13:21:07 IST" duration-ms="1658" status="PASS">
          <reporter-output>
          </reporter-output>
        </test-method> <!-- testLogin -->
        <test-method is-config="true" signature="tearDown()[pri:0, instance:testCases.TC002_LoginTest@403f0a22]" started-at="2025-07-27T13:21:07 IST" name="tearDown" finished-at="2025-07-27T13:21:12 IST" duration-ms="5342" status="PASS">
          <reporter-output>
          </reporter-output>
        </test-method> <!-- tearDown -->
      </class> <!-- testCases.TC002_LoginTest -->
      <class name="testCases.TC001_AccountRegistrationTest">
        <test-method is-config="true" signature="setUp(java.lang.String,java.lang.String)[pri:0, instance:testCases.TC001_AccountRegistrationTest@79517588]" started-at="2025-07-27T13:20:46 IST" name="setUp" finished-at="2025-07-27T13:20:50 IST" duration-ms="3324" status="PASS">
          <params>
            <param index="0">
              <value>
                <![CDATA[edge]]>
              </value>
            </param>
            <param index="1">
              <value>
                <![CDATA[window]]>
              </value>
            </param>
          </params>
          <reporter-output>
          </reporter-output>
        </test-method> <!-- setUp -->
        <test-method signature="testReg()[pri:0, instance:testCases.TC001_AccountRegistrationTest@79517588]" started-at="2025-07-27T13:20:50 IST" name="testReg" finished-at="2025-07-27T13:20:57 IST" duration-ms="7514" status="PASS">
          <reporter-output>
          </reporter-output>
        </test-method> <!-- testReg -->
        <test-method is-config="true" signature="tearDown()[pri:0, instance:testCases.TC001_AccountRegistrationTest@79517588]" started-at="2025-07-27T13:20:57 IST" name="tearDown" finished-at="2025-07-27T13:21:02 IST" duration-ms="5319" status="PASS">
          <reporter-output>
          </reporter-output>
        </test-method> <!-- tearDown -->
      </class> <!-- testCases.TC001_AccountRegistrationTest -->
    </test> <!-- Test -->
  </suite> <!-- Grouping Suite -->
</testng-results>
